2014/10/14 22:10:49 [error] [exception.CException] exception 'CException' with message 'CHttpRequest is unable to determine the request URI.' in C:\xampp\htdocs\Catalog-Management-System-Ver2\framework\web\CHttpRequest.php:480
Stack trace:
#0 C:\xampp\htdocs\Catalog-Management-System-Ver2\framework\web\CHttpRequest.php(392): CHttpRequest->getRequestUri()
#1 C:\xampp\htdocs\Catalog-Management-System-Ver2\framework\web\CUrlManager.php(362): CHttpRequest->getPathInfo()
#2 C:\xampp\htdocs\Catalog-Management-System-Ver2\framework\web\CWebApplication.php(141): CUrlManager->parseUrl(Object(CHttpRequest))
#3 C:\xampp\htdocs\Catalog-Management-System-Ver2\framework\base\CApplication.php(162): CWebApplication->processRequest()
#4 C:\xampp\htdocs\Catalog-Management-System-Ver2\curriculumdb\index.php(13): CApplication->run()
#5 {main}
---
2014/10/16 23:13:35 [error] [exception.CDbException] exception 'CDbException' with message 'CDbConnection failed to open the DB connection: SQLSTATE[HY000] [2002] A connection attempt failed because the connected party did not properly respond after a period of time, or established connection failed because connected host has failed to respond.
' in C:\xampp\htdocs\Catalog-Management-System-Ver2\framework\db\CDbConnection.php:382
Stack trace:
#0 C:\xampp\htdocs\Catalog-Management-System-Ver2\framework\db\CDbConnection.php(331): CDbConnection->open()
#1 C:\xampp\htdocs\Catalog-Management-System-Ver2\framework\db\CDbConnection.php(309): CDbConnection->setActive(true)
#2 C:\xampp\htdocs\Catalog-Management-System-Ver2\framework\base\CModule.php(388): CDbConnection->init()
#3 C:\xampp\htdocs\Catalog-Management-System-Ver2\framework\base\CApplication.php(431): CModule->getComponent('db')
#4 C:\xampp\htdocs\Catalog-Management-System-Ver2\framework\db\ar\CActiveRecord.php(624): CApplication->getDb()
#5 C:\xampp\htdocs\Catalog-Management-System-Ver2\framework\db\ar\CActiveRecord.php(2311): CActiveRecord->getDbConnection()
#6 C:\xampp\htdocs\Catalog-Management-System-Ver2\framework\db\ar\CActiveRecord.php(388): CActiveRecordMetaData->__construct(Object(Catalog))
#7 C:\xampp\htdocs\Catalog-Management-System-Ver2\curriculumdb\protected\models\Catalog.php(47): CActiveRecord::model('Catalog')
#8 C:\xampp\htdocs\Catalog-Management-System-Ver2\curriculumdb\protected\views\site\index.php(71): Catalog::model()
#9 C:\xampp\htdocs\Catalog-Management-System-Ver2\framework\web\CBaseController.php(127): require('C:\\xampp\\htdocs...')
#10 C:\xampp\htdocs\Catalog-Management-System-Ver2\framework\web\CBaseController.php(96): CBaseController->renderInternal('C:\\xampp\\htdocs...', Array, true)
#11 C:\xampp\htdocs\Catalog-Management-System-Ver2\framework\web\CController.php(870): CBaseController->renderFile('C:\\xampp\\htdocs...', Array, true)
#12 C:\xampp\htdocs\Catalog-Management-System-Ver2\framework\web\CController.php(783): CController->renderPartial('index', Array, true)
#13 C:\xampp\htdocs\Catalog-Management-System-Ver2\curriculumdb\protected\controllers\SiteController.php(60): CController->render('index', Array)
#14 C:\xampp\htdocs\Catalog-Management-System-Ver2\framework\web\actions\CInlineAction.php(50): SiteController->actionIndex()
#15 C:\xampp\htdocs\Catalog-Management-System-Ver2\framework\web\CController.php(309): CInlineAction->runWithParams(Array)
#16 C:\xampp\htdocs\Catalog-Management-System-Ver2\framework\web\CController.php(287): CController->runAction(Object(CInlineAction))
#17 C:\xampp\htdocs\Catalog-Management-System-Ver2\framework\web\CController.php(266): CController->runActionWithFilters(Object(CInlineAction), Array)
#18 C:\xampp\htdocs\Catalog-Management-System-Ver2\framework\web\CWebApplication.php(283): CController->run('')
#19 C:\xampp\htdocs\Catalog-Management-System-Ver2\framework\web\CWebApplication.php(142): CWebApplication->runController('')
#20 C:\xampp\htdocs\Catalog-Management-System-Ver2\framework\base\CApplication.php(162): CWebApplication->processRequest()
#21 C:\xampp\htdocs\Catalog-Management-System-Ver2\curriculumdb\index.php(13): CApplication->run()
#22 {main}
REQUEST_URI=/Catalog-Management-System-Ver2/curriculumdb/
---
2014/10/16 23:43:33 [error] [exception.CHttpException.404] exception 'CHttpException' with message 'Unable to resolve the request "catalog/js/prospective.js".' in C:\xampp\htdocs\Catalog-Management-System-Ver2\framework\web\CWebApplication.php:287
Stack trace:
#0 C:\xampp\htdocs\Catalog-Management-System-Ver2\framework\web\CWebApplication.php(142): CWebApplication->runController('catalog/js/pros...')
#1 C:\xampp\htdocs\Catalog-Management-System-Ver2\framework\base\CApplication.php(162): CWebApplication->processRequest()
#2 C:\xampp\htdocs\Catalog-Management-System-Ver2\curriculumdb\index.php(13): CApplication->run()
#3 {main}
REQUEST_URI=/Catalog-Management-System-Ver2/curriculumdb/index.php/catalog/js/prospective.js
HTTP_REFERER=http://localhost:8003/Catalog-Management-System-Ver2/curriculumdb/index.php/catalog/prospective
---
2014/10/16 23:43:34 [error] [exception.CHttpException.404] exception 'CHttpException' with message 'The system is unable to find the requested action "js".' in C:\xampp\htdocs\Catalog-Management-System-Ver2\framework\web\CController.php:484
Stack trace:
#0 C:\xampp\htdocs\Catalog-Management-System-Ver2\framework\web\CController.php(271): CController->missingAction('js')
#1 C:\xampp\htdocs\Catalog-Management-System-Ver2\framework\web\CWebApplication.php(283): CController->run('js')
#2 C:\xampp\htdocs\Catalog-Management-System-Ver2\framework\web\CWebApplication.php(142): CWebApplication->runController('catalog/prospec...')
#3 C:\xampp\htdocs\Catalog-Management-System-Ver2\framework\base\CApplication.php(162): CWebApplication->processRequest()
#4 C:\xampp\htdocs\Catalog-Management-System-Ver2\curriculumdb\index.php(13): CApplication->run()
#5 {main}
REQUEST_URI=/Catalog-Management-System-Ver2/curriculumdb/index.php/catalog/prospective/js/prospective.js
HTTP_REFERER=http://localhost:8003/Catalog-Management-System-Ver2/curriculumdb/index.php/catalog/prospective/create
---
2014/10/16 23:43:37 [error] [exception.CHttpException.404] exception 'CHttpException' with message 'The system is unable to find the requested action "js".' in C:\xampp\htdocs\Catalog-Management-System-Ver2\framework\web\CController.php:484
Stack trace:
#0 C:\xampp\htdocs\Catalog-Management-System-Ver2\framework\web\CController.php(271): CController->missingAction('js')
#1 C:\xampp\htdocs\Catalog-Management-System-Ver2\framework\web\CWebApplication.php(283): CController->run('js')
#2 C:\xampp\htdocs\Catalog-Management-System-Ver2\framework\web\CWebApplication.php(142): CWebApplication->runController('catalog/prospec...')
#3 C:\xampp\htdocs\Catalog-Management-System-Ver2\framework\base\CApplication.php(162): CWebApplication->processRequest()
#4 C:\xampp\htdocs\Catalog-Management-System-Ver2\curriculumdb\index.php(13): CApplication->run()
#5 {main}
REQUEST_URI=/Catalog-Management-System-Ver2/curriculumdb/index.php/catalog/prospective/js/prospective.js
HTTP_REFERER=http://localhost:8003/Catalog-Management-System-Ver2/curriculumdb/index.php/catalog/prospective/create
---
2014/10/16 23:43:39 [error] [exception.CHttpException.404] exception 'CHttpException' with message 'The system is unable to find the requested action "js".' in C:\xampp\htdocs\Catalog-Management-System-Ver2\framework\web\CController.php:484
Stack trace:
#0 C:\xampp\htdocs\Catalog-Management-System-Ver2\framework\web\CController.php(271): CController->missingAction('js')
#1 C:\xampp\htdocs\Catalog-Management-System-Ver2\framework\web\CWebApplication.php(283): CController->run('js')
#2 C:\xampp\htdocs\Catalog-Management-System-Ver2\framework\web\CWebApplication.php(142): CWebApplication->runController('catalog/prospec...')
#3 C:\xampp\htdocs\Catalog-Management-System-Ver2\framework\base\CApplication.php(162): CWebApplication->processRequest()
#4 C:\xampp\htdocs\Catalog-Management-System-Ver2\curriculumdb\index.php(13): CApplication->run()
#5 {main}
REQUEST_URI=/Catalog-Management-System-Ver2/curriculumdb/index.php/catalog/prospective/js/prospective.js
HTTP_REFERER=http://localhost:8003/Catalog-Management-System-Ver2/curriculumdb/index.php/catalog/prospective/create
---
2014/10/17 00:04:02 [error] [exception.CDbException] exception 'CDbException' with message 'CDbConnection failed to open the DB connection: SQLSTATE[HY000] [2002] A connection attempt failed because the connected party did not properly respond after a period of time, or established connection failed because connected host has failed to respond.
' in C:\xampp\htdocs\Catalog-Management-System-Ver2\framework\db\CDbConnection.php:382
Stack trace:
#0 C:\xampp\htdocs\Catalog-Management-System-Ver2\framework\db\CDbConnection.php(331): CDbConnection->open()
#1 C:\xampp\htdocs\Catalog-Management-System-Ver2\framework\db\CDbConnection.php(309): CDbConnection->setActive(true)
#2 C:\xampp\htdocs\Catalog-Management-System-Ver2\framework\base\CModule.php(388): CDbConnection->init()
#3 C:\xampp\htdocs\Catalog-Management-System-Ver2\framework\base\CApplication.php(431): CModule->getComponent('db')
#4 C:\xampp\htdocs\Catalog-Management-System-Ver2\framework\db\ar\CActiveRecord.php(624): CApplication->getDb()
#5 C:\xampp\htdocs\Catalog-Management-System-Ver2\framework\db\ar\CActiveRecord.php(2311): CActiveRecord->getDbConnection()
#6 C:\xampp\htdocs\Catalog-Management-System-Ver2\framework\db\ar\CActiveRecord.php(388): CActiveRecordMetaData->__construct(Object(Catalog))
#7 C:\xampp\htdocs\Catalog-Management-System-Ver2\curriculumdb\protected\models\Catalog.php(47): CActiveRecord::model('Catalog')
#8 C:\xampp\htdocs\Catalog-Management-System-Ver2\curriculumdb\protected\views\site\index.php(71): Catalog::model()
#9 C:\xampp\htdocs\Catalog-Management-System-Ver2\framework\web\CBaseController.php(127): require('C:\\xampp\\htdocs...')
#10 C:\xampp\htdocs\Catalog-Management-System-Ver2\framework\web\CBaseController.php(96): CBaseController->renderInternal('C:\\xampp\\htdocs...', Array, true)
#11 C:\xampp\htdocs\Catalog-Management-System-Ver2\framework\web\CController.php(870): CBaseController->renderFile('C:\\xampp\\htdocs...', Array, true)
#12 C:\xampp\htdocs\Catalog-Management-System-Ver2\framework\web\CController.php(783): CController->renderPartial('index', Array, true)
#13 C:\xampp\htdocs\Catalog-Management-System-Ver2\curriculumdb\protected\controllers\SiteController.php(60): CController->render('index', Array)
#14 C:\xampp\htdocs\Catalog-Management-System-Ver2\framework\web\actions\CInlineAction.php(50): SiteController->actionIndex()
#15 C:\xampp\htdocs\Catalog-Management-System-Ver2\framework\web\CController.php(309): CInlineAction->runWithParams(Array)
#16 C:\xampp\htdocs\Catalog-Management-System-Ver2\framework\web\CController.php(287): CController->runAction(Object(CInlineAction))
#17 C:\xampp\htdocs\Catalog-Management-System-Ver2\framework\web\CController.php(266): CController->runActionWithFilters(Object(CInlineAction), Array)
#18 C:\xampp\htdocs\Catalog-Management-System-Ver2\framework\web\CWebApplication.php(283): CController->run('')
#19 C:\xampp\htdocs\Catalog-Management-System-Ver2\framework\web\CWebApplication.php(142): CWebApplication->runController('')
#20 C:\xampp\htdocs\Catalog-Management-System-Ver2\framework\base\CApplication.php(162): CWebApplication->processRequest()
#21 C:\xampp\htdocs\Catalog-Management-System-Ver2\curriculumdb\index.php(13): CApplication->run()
#22 {main}
REQUEST_URI=/Catalog-Management-System-Ver2/curriculumdb/?XDEBUG_SESSION_START=11227
---
